1.288e-05
2.848e-04
2.166e-04
1.733e-04
3.798e-04
2.988e-04
1.363e-04
1.795e-04
9.984e-05
7.922e-05
8.986e-05
7.535e-05
9.000e-05
3.627e-05
3.583e-05
3.863e-05
2.495e-05
2.099e-05
1.441e-05
1.763e-05
1.278e-05
1.056e-05
1.228e-05
6.803e-06
6.246e-06
8.881e-06
6.941e-06
9.868e-06
1.532e-05
1.300e-05
5.139e-06
9.231e-06
5.107e-06
6.770e-06
1.452e-05
8.760e-06
6.945e-06
9.243e-06
1.096e-05
1.332e-04
1.096e-04
5.995e-05
4.642e-05
8.229e-05
4.589e-05
5.902e-05
3.001e-05
3.861e-05
1.742e-05
2.343e-05
1.567e-05
1.659e-05
1.130e-05
8.563e-06
1.279e-05
1.031e-05
1.211e-05
9.121e-06
1.205e-05
1.132e-05
5.875e-06
7.004e-06
4.834e-06
8.641e-06
5.528e-06
7.947e-06
1.104e-05
5.140e-06
4.055e-06
4.652e-06
6.439e-06
9.224e-05
6.730e-05
3.748e-05
3.955e-05
7.028e-05
3.705e-05
4.804e-05
2.748e-05
3.956e-05
1.796e-05
2.139e-05
1.334e-05
1.712e-05
1.524e-05
1.488e-05
1.121e-05
9.469e-06
9.307e-06
1.255e-05
1.086e-05
1.521e-05
6.677e-06
1.367e-05
8.223e-06
9.141e-06
1.060e-05
7.246e-06
6.824e-06
1.237e-05
5.392e-06
5.314e-06
7.175e-05
6.221e-05
3.901e-05
4.503e-05
7.932e-05
4.628e-05
7.387e-05
3.361e-05
3.075e-05
2.458e-05
2.898e-05
1.945e-05
2.196e-05
1.510e-05
1.464e-05
1.549e-05
1.506e-05
1.235e-05
1.167e-05
1.368e-05
1.162e-05
9.294e-06
1.166e-05
1.302e-05
6.772e-06
1.259e-05
9.634e-06
1.130e-05
1.165e-05
6.386e-06
1.432e-05
1.046e-05
6.267e-05
6.152e-05
4.478e-05
5.755e-05
6.641e-05
6.019e-05
6.320e-05
3.938e-05
4.104e-05
2.860e-05
2.845e-05
2.238e-05
1.577e-05
1.972e-05
1.543e-05
1.498e-05
1.387e-05
1.279e-05
1.318e-05
1.426e-05
1.512e-05
1.361e-05
1.528e-05
9.643e-06
1.064e-05
1.203e-05
1.212e-05
7.477e-06
1.201e-05
1.274e-05
9.071e-06
1.104e-05
1.028e-05
5.295e-06
5.532e-05
6.051e-05
4.817e-05
6.551e-05
1.228e-04
6.124e-05
7.211e-05
4.517e-05
6.242e-05
3.448e-05
3.737e-05
2.479e-05
2.407e-05
1.926e-05
2.142e-05
1.515e-05
1.531e-05
1.569e-05
1.373e-05
1.466e-05
1.533e-05
1.546e-05
1.218e-05
1.162e-05
1.018e-05
9.073e-06
1.056e-05
7.859e-06
1.147e-05
1.217e-05
1.509e-05
9.395e-06
8.717e-06
4.658e-06
6.000e-06
6.365e-06
1.428e-05
1.273e-05
6.435e-06
5.173e-05
5.586e-05
4.695e-05
6.171e-05
1.139e-04
6.311e-05
9.769e-05
3.888e-05
6.293e-05
3.175e-05
4.330e-05
2.191e-05
2.791e-05
1.705e-05
2.080e-05
1.513e-05
1.679e-05
1.563e-05
1.530e-05
1.570e-05
1.499e-05
1.355e-05
1.390e-05
1.083e-05
1.137e-05
1.088e-05
1.159e-05
1.309e-05
8.687e-06
8.382e-06
9.923e-06
1.562e-05
5.047e-06
9.921e-06
6.463e-06
5.830e-06
7.423e-06
5.846e-06
1.514e-05
5.988e-06
4.914e-05
4.981e-05
4.505e-05
5.690e-05
9.455e-05
5.704e-05
9.273e-05
3.232e-05
6.851e-05
2.674e-05
4.479e-05
2.077e-05
3.173e-05
1.754e-05
2.260e-05
1.565e-05
2.047e-05
1.554e-05
1.576e-05
1.554e-05
1.571e-05
1.444e-05
1.576e-05
1.309e-05
1.498e-05
1.575e-05
1.192e-05
1.376e-05
1.024e-05
7.303e-06
7.734e-06
1.104e-05
1.291e-05
7.959e-06
5.942e-06
7.853e-06
6.173e-06
5.800e-06
1.523e-05
5.660e-06
1.324e-05
4.725e-06
9.566e-06
1.228e-05
4.842e-06
1.066e-05
7.846e-06
7.242e-06
4.737e-05
4.358e-05
3.974e-05
5.269e-05
9.735e-05
4.870e-05
7.944e-05
2.931e-05
6.395e-05
2.626e-05
4.916e-05
1.981e-05
2.856e-05
1.874e-05
2.208e-05
1.564e-05
2.202e-05
1.572e-05
2.138e-05
1.577e-05
1.575e-05
1.533e-05
1.576e-05
1.479e-05
1.518e-05
1.441e-05
1.297e-05
1.326e-05
1.016e-05
9.503e-06
1.346e-05
9.269e-06
9.283e-06
7.710e-06
6.349e-06
8.166e-06
1.568e-05
9.008e-06
1.573e-05
1.389e-05
9.891e-06
4.567e-06
1.529e-05
1.104e-05
6.347e-06
1.334e-05
1.090e-05
6.133e-06
1.163e-05
7.318e-06
1.153e-05
4.524e-05
3.840e-05
3.526e-05
4.903e-05
4.259e-05
